-------------------------------------------------------------------------------
Test set: com.acn.BubbleSortTest
-------------------------------------------------------------------------------
Tests run: 5, Failures: 1, Errors: 0, Skipped: 0, Time elapsed: 0.071 s <<< FAILURE! - in com.acn.BubbleSortTest
shouldThrowIllegalArgumentException(com.acn.BubbleSortTest)  Time elapsed: 0.009 s  <<< FAILURE!
java.lang.AssertionError: Expected exception: java.lang.IllegalArgumentException

